Arguments: 
  D:\DevTools\nodejs\node.exe C:\Users\Junior\AppData\Roaming\npm\node_modules\yarn\bin\yarn.js add @fortawesome/fontawesome-free

PATH: 
  C:\Program Files\WindowsApps\Microsoft.PowerShell_7.1.4.0_x64__8wekyb3d8bbwe;C:\WINDOWS\system32;C:\WINDOWS;C:\WINDOWS\System32\Wbem;C:\WINDOWS\System32\WindowsPowerShell\v1.0\;C:\Program Files\dotnet\;D:\DevTools\TortoiseGit\bin;C:\WINDOWS\System32\OpenSSH\;D:\DevTools\nodejs\;C:\Users\Junior\AppData\Local\Yarn\Data\global\node_modules\.bin;D:\DevTools\OpenSSL-Win64\bin;D:\wamp64\bin\php\php7.4.9;C:\ProgramData\ComposerSetup\bin;D:\DevTools\erl10.7\bin;D:\DevTools\Elixir\bin;C:\WINDOWS\system32\config\systemprofile\.mix\escripts;C:\ProgramData\chocolatey\bin;D:\DevTools\Git\cmd;C:\Users\Junior\.dotnet\tools;C:\Users\Junior\AppData\Local\Microsoft\WindowsApps;D:\DevTools\PhpStorm 2020.3.3\bin;D:\DevTools\Microsoft VS Code\bin;C:\Users\Junior\AppData\Roaming\npm;C:\Users\Junior\AppData\Roaming\Composer\vendor\bin

Yarn version: 
  1.22.10

Node version: 
  14.16.1

Platform: 
  win32 x64

Trace: 
  Error: 17656:error:1408F119:SSL routines:ssl3_get_record:decryption failed or bad record mac:c:\ws\deps\openssl\openssl\ssl\record\ssl3_record.c:677:

npm manifest: 
  {
    "dependencies": {
      "bootstrap": "^5.1.0"
    }
  }

yarn manifest: 
  No manifest

Lockfile: 
  # THIS IS AN AUTOGENERATED FILE. DO NOT EDIT THIS FILE DIRECTLY.
  # yarn lockfile v1
  
  
  bootstrap@^5.1.0:
    version "5.1.0"
    resolved "https://registry.yarnpkg.com/bootstrap/-/bootstrap-5.1.0.tgz#543ef8f44f4b9af67b0230f19508542fec38ef55"
    integrity sha512-bs74WNI9BgBo3cEovmdMHikSKoXnDgA6VQjJ7TyTotU6L7d41ZyCEEelPwkYEzsG/Zjv3ie9IE3EMAje0W9Xew==
